Determining if the pthread_create exist failed with the following output:
Change Dir: /home/parrot/bebop_ws/build/bebop_msgs/CMakeFiles/CMakeTmp

Run Build Command:"/usr/bin/make" "cmTC_1e568/fast"
/usr/bin/make -f CMakeFiles/cmTC_1e568.dir/build.make CMakeFiles/cmTC_1e568.dir/build
make[1]: Entering directory '/home/parrot/bebop_ws/build/bebop_msgs/CMakeFiles/CMakeTmp'
Building C object CMakeFiles/cmTC_1e568.dir/CheckSymbolExists.c.o
/usr/bin/cc     -o CMakeFiles/cmTC_1e568.dir/CheckSymbolExists.c.o   -c /home/parrot/bebop_ws/build/bebop_msgs/CMakeFiles/CMakeTmp/CheckSymbolExists.c
Linking C executable cmTC_1e568
/usr/bin/cmake -E cmake_link_script CMakeFiles/cmTC_1e568.dir/link.txt --verbose=1
/usr/bin/cc       CMakeFiles/cmTC_1e568.dir/CheckSymbolExists.c.o  -o cmTC_1e568 -rdynamic 
CMakeFiles/cmTC_1e568.dir/CheckSymbolExists.c.o: In function `main':
CheckSymbolExists.c:(.text+0x16): undefined reference to `pthread_create'
collect2: error: ld returned 1 exit status
CMakeFiles/cmTC_1e568.dir/build.make:97: recipe for target 'cmTC_1e568' failed
make[1]: *** [cmTC_1e568] Error 1
make[1]: Leaving directory '/home/parrot/bebop_ws/build/bebop_msgs/CMakeFiles/CMakeTmp'
Makefile:126: recipe for target 'cmTC_1e568/fast' failed
make: *** [cmTC_1e568/fast] Error 2

File /home/parrot/bebop_ws/build/bebop_msgs/CMakeFiles/CMakeTmp/CheckSymbolExists.c:
/* */
#include <pthread.h>

int main(int argc, char** argv)
{
  (void)argv;
#ifndef pthread_create
  return ((int*)(&pthread_create))[argc];
#else
  (void)argc;
  return 0;
#endif
}

Determining if the function pthread_create exists in the pthreads failed with the following output:
Change Dir: /home/parrot/bebop_ws/build/bebop_msgs/CMakeFiles/CMakeTmp

Run Build Command:"/usr/bin/make" "cmTC_d8184/fast"
/usr/bin/make -f CMakeFiles/cmTC_d8184.dir/build.make CMakeFiles/cmTC_d8184.dir/build
make[1]: Entering directory '/home/parrot/bebop_ws/build/bebop_msgs/CMakeFiles/CMakeTmp'
Building C object CMakeFiles/cmTC_d8184.dir/CheckFunctionExists.c.o
/usr/bin/cc    -DCHECK_FUNCTION_EXISTS=pthread_create   -o CMakeFiles/cmTC_d8184.dir/CheckFunctionExists.c.o   -c /usr/share/cmake-3.5/Modules/CheckFunctionExists.c
Linking C executable cmTC_d8184
/usr/bin/cmake -E cmake_link_script CMakeFiles/cmTC_d8184.dir/link.txt --verbose=1
/usr/bin/cc   -DCHECK_FUNCTION_EXISTS=pthread_create    CMakeFiles/cmTC_d8184.dir/CheckFunctionExists.c.o  -o cmTC_d8184 -rdynamic -lpthreads 
/usr/bin/ld: cannot find -lpthreads
collect2: error: ld returned 1 exit status
CMakeFiles/cmTC_d8184.dir/build.make:97: recipe for target 'cmTC_d8184' failed
make[1]: *** [cmTC_d8184] Error 1
make[1]: Leaving directory '/home/parrot/bebop_ws/build/bebop_msgs/CMakeFiles/CMakeTmp'
Makefile:126: recipe for target 'cmTC_d8184/fast' failed
make: *** [cmTC_d8184/fast] Error 2


