Determining if the pthread_create exist failed with the following output:
Change Dir: /home/parrot/bebop_ws/build/catkin_tools_prebuild/CMakeFiles/CMakeTmp

Run Build Command:"/usr/bin/make" "cmTC_17f4e/fast"
/usr/bin/make -f CMakeFiles/cmTC_17f4e.dir/build.make CMakeFiles/cmTC_17f4e.dir/build
make[1]: Entering directory '/home/parrot/bebop_ws/build/catkin_tools_prebuild/CMakeFiles/CMakeTmp'
Building C object CMakeFiles/cmTC_17f4e.dir/CheckSymbolExists.c.o
/usr/bin/cc     -o CMakeFiles/cmTC_17f4e.dir/CheckSymbolExists.c.o   -c /home/parrot/bebop_ws/build/catkin_tools_prebuild/CMakeFiles/CMakeTmp/CheckSymbolExists.c
Linking C executable cmTC_17f4e
/usr/bin/cmake -E cmake_link_script CMakeFiles/cmTC_17f4e.dir/link.txt --verbose=1
/usr/bin/cc       CMakeFiles/cmTC_17f4e.dir/CheckSymbolExists.c.o  -o cmTC_17f4e -rdynamic 
CMakeFiles/cmTC_17f4e.dir/CheckSymbolExists.c.o: In function `main':
CheckSymbolExists.c:(.text+0x16): undefined reference to `pthread_create'
collect2: error: ld returned 1 exit status
CMakeFiles/cmTC_17f4e.dir/build.make:97: recipe for target 'cmTC_17f4e' failed
make[1]: *** [cmTC_17f4e] Error 1
make[1]: Leaving directory '/home/parrot/bebop_ws/build/catkin_tools_prebuild/CMakeFiles/CMakeTmp'
Makefile:126: recipe for target 'cmTC_17f4e/fast' failed
make: *** [cmTC_17f4e/fast] Error 2

File /home/parrot/bebop_ws/build/catkin_tools_prebuild/CMakeFiles/CMakeTmp/CheckSymbolExists.c:
/* */
#include <pthread.h>

int main(int argc, char** argv)
{
  (void)argv;
#ifndef pthread_create
  return ((int*)(&pthread_create))[argc];
#else
  (void)argc;
  return 0;
#endif
}

Determining if the function pthread_create exists in the pthreads failed with the following output:
Change Dir: /home/parrot/bebop_ws/build/catkin_tools_prebuild/CMakeFiles/CMakeTmp

Run Build Command:"/usr/bin/make" "cmTC_583ad/fast"
/usr/bin/make -f CMakeFiles/cmTC_583ad.dir/build.make CMakeFiles/cmTC_583ad.dir/build
make[1]: Entering directory '/home/parrot/bebop_ws/build/catkin_tools_prebuild/CMakeFiles/CMakeTmp'
Building C object CMakeFiles/cmTC_583ad.dir/CheckFunctionExists.c.o
/usr/bin/cc    -DCHECK_FUNCTION_EXISTS=pthread_create   -o CMakeFiles/cmTC_583ad.dir/CheckFunctionExists.c.o   -c /usr/share/cmake-3.5/Modules/CheckFunctionExists.c
Linking C executable cmTC_583ad
/usr/bin/cmake -E cmake_link_script CMakeFiles/cmTC_583ad.dir/link.txt --verbose=1
/usr/bin/cc   -DCHECK_FUNCTION_EXISTS=pthread_create    CMakeFiles/cmTC_583ad.dir/CheckFunctionExists.c.o  -o cmTC_583ad -rdynamic -lpthreads 
/usr/bin/ld: cannot find -lpthreads
collect2: error: ld returned 1 exit status
CMakeFiles/cmTC_583ad.dir/build.make:97: recipe for target 'cmTC_583ad' failed
make[1]: *** [cmTC_583ad] Error 1
make[1]: Leaving directory '/home/parrot/bebop_ws/build/catkin_tools_prebuild/CMakeFiles/CMakeTmp'
Makefile:126: recipe for target 'cmTC_583ad/fast' failed
make: *** [cmTC_583ad/fast] Error 2


