Determining if the pthread_create exist failed with the following output:
Change Dir: /home/parrot/bebop_ws/build/motion_plan2/CMakeFiles/CMakeTmp

Run Build Command:"/usr/bin/make" "cmTC_b4ba4/fast"
/usr/bin/make -f CMakeFiles/cmTC_b4ba4.dir/build.make CMakeFiles/cmTC_b4ba4.dir/build
make[1]: Entering directory '/home/parrot/bebop_ws/build/motion_plan2/CMakeFiles/CMakeTmp'
Building C object CMakeFiles/cmTC_b4ba4.dir/CheckSymbolExists.c.o
/usr/bin/cc     -o CMakeFiles/cmTC_b4ba4.dir/CheckSymbolExists.c.o   -c /home/parrot/bebop_ws/build/motion_plan2/CMakeFiles/CMakeTmp/CheckSymbolExists.c
Linking C executable cmTC_b4ba4
/usr/bin/cmake -E cmake_link_script CMakeFiles/cmTC_b4ba4.dir/link.txt --verbose=1
/usr/bin/cc       CMakeFiles/cmTC_b4ba4.dir/CheckSymbolExists.c.o  -o cmTC_b4ba4 -rdynamic 
CMakeFiles/cmTC_b4ba4.dir/CheckSymbolExists.c.o: In function `main':
CheckSymbolExists.c:(.text+0x16): undefined reference to `pthread_create'
collect2: error: ld returned 1 exit status
CMakeFiles/cmTC_b4ba4.dir/build.make:97: recipe for target 'cmTC_b4ba4' failed
make[1]: *** [cmTC_b4ba4] Error 1
make[1]: Leaving directory '/home/parrot/bebop_ws/build/motion_plan2/CMakeFiles/CMakeTmp'
Makefile:126: recipe for target 'cmTC_b4ba4/fast' failed
make: *** [cmTC_b4ba4/fast] Error 2

File /home/parrot/bebop_ws/build/motion_plan2/CMakeFiles/CMakeTmp/CheckSymbolExists.c:
/* */
#include <pthread.h>

int main(int argc, char** argv)
{
  (void)argv;
#ifndef pthread_create
  return ((int*)(&pthread_create))[argc];
#else
  (void)argc;
  return 0;
#endif
}

Determining if the function pthread_create exists in the pthreads failed with the following output:
Change Dir: /home/parrot/bebop_ws/build/motion_plan2/CMakeFiles/CMakeTmp

Run Build Command:"/usr/bin/make" "cmTC_1f2ab/fast"
/usr/bin/make -f CMakeFiles/cmTC_1f2ab.dir/build.make CMakeFiles/cmTC_1f2ab.dir/build
make[1]: Entering directory '/home/parrot/bebop_ws/build/motion_plan2/CMakeFiles/CMakeTmp'
Building C object CMakeFiles/cmTC_1f2ab.dir/CheckFunctionExists.c.o
/usr/bin/cc    -DCHECK_FUNCTION_EXISTS=pthread_create   -o CMakeFiles/cmTC_1f2ab.dir/CheckFunctionExists.c.o   -c /usr/share/cmake-3.5/Modules/CheckFunctionExists.c
Linking C executable cmTC_1f2ab
/usr/bin/cmake -E cmake_link_script CMakeFiles/cmTC_1f2ab.dir/link.txt --verbose=1
/usr/bin/cc   -DCHECK_FUNCTION_EXISTS=pthread_create    CMakeFiles/cmTC_1f2ab.dir/CheckFunctionExists.c.o  -o cmTC_1f2ab -rdynamic -lpthreads 
/usr/bin/ld: cannot find -lpthreads
collect2: error: ld returned 1 exit status
CMakeFiles/cmTC_1f2ab.dir/build.make:97: recipe for target 'cmTC_1f2ab' failed
make[1]: *** [cmTC_1f2ab] Error 1
make[1]: Leaving directory '/home/parrot/bebop_ws/build/motion_plan2/CMakeFiles/CMakeTmp'
Makefile:126: recipe for target 'cmTC_1f2ab/fast' failed
make: *** [cmTC_1f2ab/fast] Error 2


